<?xml version="1.0" encoding="UTF-8"?>
<!-- Generated by org.testng.reporters.JUnitReportReporter -->
<testsuite hostname="DESKTOP-HG2TGR8" failures="0" tests="1" name="jenkins.JenkinsTest" time="6.305" errors="0" timestamp="2023-01-17T10:26:29 EST" skipped="0">
  <testcase classname="jenkins.JenkinsTest" name="TC01" time="6.305"/>
  <system-out/>
</testsuite> <!-- jenkins.JenkinsTest -->
